<?xml version="1.0" encoding="UTF-8"?>
<robot generator="Robot 3.2.1 (Python 3.8.3 on win32)" generated="20200713 17:54:22.389" rpa="false">
<suite id="s1" name="IntroductionRobotFramework" source="C:\Users\diana\eclipse-workspace\IntroductionRobotFramework">
<suite id="s1-s1" name="Practique01Exercice3LoginSalesforce" source="C:\Users\diana\eclipse-workspace\IntroductionRobotFramework\Practique01Exercice3LoginSalesforce.robot">
<test id="s1-s1-t1" name="LoginTestValide">
<kw name="Open Browser" library="SeleniumLibrary">
<doc>Opens a new browser instance to the optional ``url``.</doc>
<arguments>
<arg>${URL}</arg>
</arguments>
<msg timestamp="20200713 17:54:23.267" level="INFO">Opening browser 'firefox' to base url 'https://login.salesforce.com/?locale=ca'.</msg>
<kw name="Capture Page Screenshot" library="SeleniumLibrary">
<doc>Takes a screenshot of the current page and embeds it into a log file.</doc>
<msg timestamp="20200713 17:54:23.268" level="INFO">Cannot capture screenshot because no browser is open.</msg>
<status status="PASS" starttime="20200713 17:54:23.268" endtime="20200713 17:54:23.269"></status>
</kw>
<msg timestamp="20200713 17:54:23.277" level="FAIL">FileNotFoundError: [Errno 2] No such file or directory: 'C:\\Users\\diana\\AppData\\Local\\Programs\\Python\\Python38-32\\Lib\\site-packages\\selenium\\webdriver\\firefox\\webdriver_prefs.json'</msg>
<status status="FAIL" starttime="20200713 17:54:23.266" endtime="20200713 17:54:23.277"></status>
</kw>
<doc>Tester le Login</doc>
<status status="FAIL" starttime="20200713 17:54:23.265" endtime="20200713 17:54:23.278" critical="yes">FileNotFoundError: [Errno 2] No such file or directory: 'C:\\Users\\diana\\AppData\\Local\\Programs\\Python\\Python38-32\\Lib\\site-packages\\selenium\\webdriver\\firefox\\webdriver_prefs.json'</status>
</test>
<status status="FAIL" starttime="20200713 17:54:22.549" endtime="20200713 17:54:23.279"></status>
</suite>
<status status="FAIL" starttime="20200713 17:54:22.492" endtime="20200713 17:54:23.281"></status>
</suite>
<statistics>
<total>
<stat pass="0" fail="1">Critical Tests</stat>
<stat pass="0" fail="1">All Tests</stat>
</total>
<tag>
</tag>
<suite>
<stat pass="0" fail="1" id="s1" name="IntroductionRobotFramework">IntroductionRobotFramework</stat>
<stat pass="0" fail="1" id="s1-s1" name="Practique01Exercice3LoginSalesforce">IntroductionRobotFramework.Practique01Exercice3LoginSalesforce</stat>
</suite>
</statistics>
<errors>
</errors>
</robot>
